\BOOKMARK [0][-]{chapter.1}{\376\377\0001\000\040\004\037\004\076\004\073\004\114\004\067\004\076\004\062\004\060\004\102\004\065\004\073\004\114\004\101\004\072\004\060\004\117\000\040\004\064\004\076\004\072\004\103\004\074\004\065\004\075\004\102\004\060\004\106\004\070\004\117\000\040\000\050\000R\000e\000s\000t\000N\000\051\000\040}{}% 1
\BOOKMARK [1][-]{section.1.1}{\376\377\0001\000.\0001\000\040\004\036\004\061\004\067\004\076\004\100\000\040\004\077\004\100\004\076\004\065\004\072\004\102\004\060}{chapter.1}% 2
\BOOKMARK [1][-]{section.1.2}{\376\377\0001\000.\0002\000\040\004\042\004\065\004\105\004\075\004\076\004\073\004\076\004\063\004\070\004\070\000\040\004\077\004\100\004\076\004\063\004\100\004\060\004\074\004\074\004\070\004\100\004\076\004\062\004\060\004\075\004\070\004\117}{chapter.1}% 3
\BOOKMARK [1][-]{section.1.3}{\376\377\0001\000.\0003\000\040\004\041\004\102\004\100\004\103\004\072\004\102\004\103\004\100\004\060\000\040\004\077\004\100\004\076\004\065\004\072\004\102\004\060}{chapter.1}% 4
\BOOKMARK [1][-]{section.1.4}{\376\377\0001\000.\0004\000\040\004\036\004\077\004\070\004\101\004\060\004\075\004\070\004\065\000\040\004\077\004\100\004\076\004\063\004\100\004\060\004\074\004\074\004\075\004\113\004\105\000\040\004\074\004\076\004\064\004\103\004\073\004\065\004\071}{chapter.1}% 5
\BOOKMARK [2][-]{subsection.1.4.1}{\376\377\0001\000.\0004\000.\0001\000\040\004\034\004\076\004\064\004\103\004\073\004\114\000\040\004\100\004\060\004\061\004\076\004\102\004\113\000\040\004\101\000\040\004\061\004\060\004\067\004\076\004\071\000\040\004\064\004\060\004\075\004\075\004\113\004\105\000\040\000\050\000D\000B\000W\000o\000r\000k\000e\000r\000\051}{section.1.4}% 6
\BOOKMARK [2][-]{subsection.1.4.2}{\376\377\0001\000.\0004\000.\0002\000\040\004\034\004\076\004\064\004\103\004\073\004\114\000\040\004\101\004\065\004\102\004\065\004\062\004\076\004\063\004\076\000\040\004\072\004\073\004\070\004\065\004\075\004\102\004\060\000\040\000\050\000T\000c\000p\000C\000l\000i\000e\000n\000t\000\051}{section.1.4}% 7
\BOOKMARK [2][-]{subsection.1.4.3}{\376\377\0001\000.\0004\000.\0003\000\040\004\034\004\076\004\064\004\103\004\073\004\114\000\040\004\101\004\065\004\102\004\065\004\062\004\076\004\063\004\076\000\040\004\101\004\065\004\100\004\062\004\065\004\100\004\060\000\040\000\050\000T\000c\000p\000S\000e\000r\000v\000e\000r\000\040\000+\000\040\000C\000l\000i\000e\000n\000t\000C\000o\000n\000n\000e\000c\000t\000i\000o\000n\000\051}{section.1.4}% 8
\BOOKMARK [2][-]{subsection.1.4.4}{\376\377\0001\000.\0004\000.\0004\000\040\004\034\004\076\004\064\004\103\004\073\004\114\000\040\004\073\004\076\004\063\004\070\004\100\004\076\004\062\004\060\004\075\004\070\004\117\000\040\000\050\000L\000o\000g\000s\000\051}{section.1.4}% 9
\BOOKMARK [2][-]{subsection.1.4.5}{\376\377\0001\000.\0004\000.\0005\000\040\004\034\004\076\004\064\004\103\004\073\004\114\000\040\004\075\004\060\004\101\004\102\004\100\004\076\004\065\004\072\000\040\000\050\000S\000e\000t\000t\000i\000n\000g\000s\000\051}{section.1.4}% 10
\BOOKMARK [2][-]{subsection.1.4.6}{\376\377\0001\000.\0004\000.\0006\000\040\004\037\004\076\004\073\004\114\004\067\004\076\004\062\004\060\004\102\004\065\004\073\004\114\004\101\004\072\004\070\004\071\000\040\004\070\004\075\004\102\004\065\004\100\004\104\004\065\004\071\004\101\000\040\000\050\000Q\000M\000L\000\051}{section.1.4}% 11
\BOOKMARK [1][-]{section.1.5}{\376\377\0001\000.\0005\000\040\004\030\004\075\004\102\004\065\004\063\004\100\004\060\004\106\004\070\004\117\000\040\004\077\004\100\004\076\004\063\004\100\004\060\004\074\004\074\004\075\004\113\004\105\000\040\004\074\004\076\004\064\004\103\004\073\004\065\004\071}{chapter.1}% 12
\BOOKMARK [2][-]{subsection.1.5.1}{\376\377\0001\000.\0005\000.\0001\000\040\004\037\004\076\004\064\004\072\004\073\004\116\004\107\004\060\004\065\004\074\004\113\004\065\000\040\004\062\004\075\004\065\004\110\004\075\004\070\004\065\000\040\004\074\004\076\004\064\004\103\004\073\004\070}{section.1.5}% 13
\BOOKMARK [2][-]{subsection.1.5.2}{\376\377\0001\000.\0005\000.\0002\000\040\004\030\004\075\004\102\004\065\004\063\004\100\004\060\004\106\004\070\004\117\000\040\000C\000+\000+\000\040\004\070\000\040\000Q\000M\000L}{section.1.5}% 14
\BOOKMARK [2][-]{subsection.1.5.3}{\376\377\0001\000.\0005\000.\0003\000\040\004\032\004\073\004\070\004\065\004\075\004\102\000-\004\101\004\065\004\100\004\062\004\065\004\100\004\075\004\076\004\065\000\040\004\062\004\067\004\060\004\070\004\074\004\076\004\064\004\065\004\071\004\101\004\102\004\062\004\070\004\065}{section.1.5}% 15
\BOOKMARK [1][-]{section.1.6}{\376\377\0001\000.\0006\000\040\004\040\004\103\004\072\004\076\004\062\004\076\004\064\004\101\004\102\004\062\004\076\000\040\004\077\004\076\004\073\004\114\004\067\004\076\004\062\004\060\004\102\004\065\004\073\004\117}{chapter.1}% 16
\BOOKMARK [2][-]{subsection.1.6.1}{\376\377\0001\000.\0006\000.\0001\000\040\004\035\004\060\004\107\004\060\004\073\004\114\004\075\004\113\004\071\000\040\004\067\004\060\004\077\004\103\004\101\004\072}{section.1.6}% 17
\BOOKMARK [2][-]{subsection.1.6.2}{\376\377\0001\000.\0006\000.\0002\000\040\004\036\004\072\004\075\004\076\000\040\004\060\004\062\004\102\004\076\004\100\004\070\004\067\004\060\004\106\004\070\004\070}{section.1.6}% 18
\BOOKMARK [2][-]{subsection.1.6.3}{\376\377\0001\000.\0006\000.\0003\000\040\004\024\004\070\004\060\004\073\004\076\004\063\000\040\004\075\004\060\004\101\004\102\004\100\004\076\004\065\004\072}{section.1.6}% 19
\BOOKMARK [2][-]{subsection.1.6.4}{\376\377\0001\000.\0006\000.\0004\000\040\004\023\004\073\004\060\004\062\004\075\004\076\004\065\000\040\004\076\004\072\004\075\004\076\000\040\004\070\000\040\004\062\004\113\004\064\004\062\004\070\004\066\004\075\004\076\004\065\000\040\004\074\004\065\004\075\004\116}{section.1.6}% 20
\BOOKMARK [2][-]{subsection.1.6.5}{\376\377\0001\000.\0006\000.\0005\000\040\004\036\004\104\004\076\004\100\004\074\004\073\004\065\004\075\004\070\004\065\000\040\004\067\004\060\004\072\004\060\004\067\004\060\000\040\000\050\004\101\004\102\004\100\004\060\004\075\004\070\004\106\004\060\000\040\004\064\004\073\004\117\000\040\004\076\004\104\004\070\004\106\004\070\004\060\004\075\004\102\004\060\000\051}{section.1.6}% 21
\BOOKMARK [2][-]{subsection.1.6.6}{\376\377\0001\000.\0006\000.\0006\000\040\004\043\004\077\004\100\004\060\004\062\004\073\004\065\004\075\004\070\004\065\000\040\004\101\004\072\004\073\004\060\004\064\004\076\004\074\000\040\000\050\004\101\004\102\004\100\004\060\004\075\004\070\004\106\004\060\000\040\004\064\004\073\004\117\000\040\004\072\004\073\004\060\004\064\004\076\004\062\004\111\004\070\004\072\004\060\000\051}{section.1.6}% 22
\BOOKMARK [2][-]{subsection.1.6.7}{\376\377\0001\000.\0006\000.\0007\000\040\004\036\004\102\004\107\004\121\004\102\004\113\000\040\000\050\004\101\004\102\004\100\004\060\004\075\004\070\004\106\004\060\000\040\004\064\004\073\004\117\000\040\004\060\004\064\004\074\004\070\004\075\004\070\004\101\004\102\004\100\004\060\004\102\004\076\004\100\004\060\000\051}{section.1.6}% 23
\BOOKMARK [1][-]{section.1.7}{\376\377\0001\000.\0007\000\040\004\035\004\060\004\101\004\102\004\100\004\076\004\071\004\072\004\070\000\040\004\070\000\040\004\101\004\070\004\101\004\102\004\065\004\074\004\075\004\113\004\065\000\040\004\104\004\060\004\071\004\073\004\113}{chapter.1}% 24
\BOOKMARK [1][-]{section.1.8}{\376\377\0001\000.\0008\000\040\004\041\004\061\004\076\004\100\004\072\004\060\000\040\004\077\004\100\004\076\004\065\004\072\004\102\004\060\000\040\000\050\004\064\004\073\004\117\000\040\004\100\004\060\004\067\004\100\004\060\004\061\004\076\004\102\004\107\004\070\004\072\004\076\004\062\000\051}{chapter.1}% 25
\BOOKMARK [1][-]{section.1.9}{\376\377\0001\000.\0009\000\040\004\032\004\076\004\075\004\102\004\060\004\072\004\102\004\113}{chapter.1}% 26
\BOOKMARK [0][-]{chapter.2}{\376\377\0002\000\040\000H\000i\000e\000r\000a\000r\000c\000h\000i\000c\000a\000l\000\040\000I\000n\000d\000e\000x}{}% 27
\BOOKMARK [1][-]{section.2.1}{\376\377\0002\000.\0001\000\040\000C\000l\000a\000s\000s\000\040\000H\000i\000e\000r\000a\000r\000c\000h\000y}{chapter.2}% 28
\BOOKMARK [0][-]{chapter.3}{\376\377\0003\000\040\000C\000l\000a\000s\000s\000\040\000I\000n\000d\000e\000x}{}% 29
\BOOKMARK [1][-]{section.3.1}{\376\377\0003\000.\0001\000\040\000C\000l\000a\000s\000s\000\040\000L\000i\000s\000t}{chapter.3}% 30
\BOOKMARK [0][-]{chapter.4}{\376\377\0004\000\040\000F\000i\000l\000e\000\040\000I\000n\000d\000e\000x}{}% 31
\BOOKMARK [1][-]{section.4.1}{\376\377\0004\000.\0001\000\040\000F\000i\000l\000e\000\040\000L\000i\000s\000t}{chapter.4}% 32
\BOOKMARK [0][-]{chapter.5}{\376\377\0005\000\040\000C\000l\000a\000s\000s\000\040\000D\000o\000c\000u\000m\000e\000n\000t\000a\000t\000i\000o\000n}{}% 33
\BOOKMARK [1][-]{section.5.1}{\376\377\0005\000.\0001\000\040\000C\000l\000i\000e\000n\000t\000C\000o\000n\000n\000e\000c\000t\000i\000o\000n\000\040\000C\000l\000a\000s\000s\000\040\000R\000e\000f\000e\000r\000e\000n\000c\000e}{chapter.5}% 34
\BOOKMARK [2][-]{subsection.5.1.1}{\376\377\0005\000.\0001\000.\0001\000\040\000D\000e\000t\000a\000i\000l\000e\000d\000\040\000D\000e\000s\000c\000r\000i\000p\000t\000i\000o\000n}{section.5.1}% 35
\BOOKMARK [2][-]{subsection.5.1.2}{\376\377\0005\000.\0001\000.\0002\000\040\000C\000o\000n\000s\000t\000r\000u\000c\000t\000o\000r\000\040\000\046\000\040\000D\000e\000s\000t\000r\000u\000c\000t\000o\000r\000\040\000D\000o\000c\000u\000m\000e\000n\000t\000a\000t\000i\000o\000n}{section.5.1}% 36
\BOOKMARK [3][-]{subsubsection.5.1.2.1}{\376\377\0005\000.\0001\000.\0002\000.\0001\000\040\000C\000l\000i\000e\000n\000t\000C\000o\000n\000n\000e\000c\000t\000i\000o\000n\000\050\000\051}{subsection.5.1.2}% 37
\BOOKMARK [1][-]{section.5.2}{\376\377\0005\000.\0002\000\040\000D\000a\000t\000a\000b\000a\000s\000e\000E\000x\000\040\000C\000l\000a\000s\000s\000\040\000R\000e\000f\000e\000r\000e\000n\000c\000e}{chapter.5}% 38
\BOOKMARK [2][-]{subsection.5.2.1}{\376\377\0005\000.\0002\000.\0001\000\040\000D\000e\000t\000a\000i\000l\000e\000d\000\040\000D\000e\000s\000c\000r\000i\000p\000t\000i\000o\000n}{section.5.2}% 39
\BOOKMARK [1][-]{section.5.3}{\376\377\0005\000.\0003\000\040\000D\000B\000W\000o\000r\000k\000e\000r\000\040\000C\000l\000a\000s\000s\000\040\000R\000e\000f\000e\000r\000e\000n\000c\000e}{chapter.5}% 40
\BOOKMARK [2][-]{subsection.5.3.1}{\376\377\0005\000.\0003\000.\0001\000\040\000D\000e\000t\000a\000i\000l\000e\000d\000\040\000D\000e\000s\000c\000r\000i\000p\000t\000i\000o\000n}{section.5.3}% 41
\BOOKMARK [2][-]{subsection.5.3.2}{\376\377\0005\000.\0003\000.\0002\000\040\000C\000o\000n\000s\000t\000r\000u\000c\000t\000o\000r\000\040\000\046\000\040\000D\000e\000s\000t\000r\000u\000c\000t\000o\000r\000\040\000D\000o\000c\000u\000m\000e\000n\000t\000a\000t\000i\000o\000n}{section.5.3}% 42
\BOOKMARK [3][-]{subsubsection.5.3.2.1}{\376\377\0005\000.\0003\000.\0002\000.\0001\000\040\000D\000B\000W\000o\000r\000k\000e\000r\000\050\000\051}{subsection.5.3.2}% 43
\BOOKMARK [2][-]{subsection.5.3.3}{\376\377\0005\000.\0003\000.\0003\000\040\000M\000e\000m\000b\000e\000r\000\040\000F\000u\000n\000c\000t\000i\000o\000n\000\040\000D\000o\000c\000u\000m\000e\000n\000t\000a\000t\000i\000o\000n}{section.5.3}% 44
\BOOKMARK [3][-]{subsubsection.5.3.3.1}{\376\377\0005\000.\0003\000.\0003\000.\0001\000\040\000a\000d\000d\000O\000r\000d\000e\000r\000I\000t\000e\000m\000\050\000\051}{subsection.5.3.3}% 45
\BOOKMARK [3][-]{subsubsection.5.3.3.2}{\376\377\0005\000.\0003\000.\0003\000.\0002\000\040\000a\000d\000d\000P\000r\000o\000d\000u\000c\000t\000Q\000u\000a\000n\000t\000i\000t\000y\000\050\000\051}{subsection.5.3.3}% 46
\BOOKMARK [3][-]{subsubsection.5.3.3.3}{\376\377\0005\000.\0003\000.\0003\000.\0003\000\040\000c\000h\000e\000c\000k\000A\000n\000d\000C\000o\000n\000s\000u\000m\000e\000\050\000\051}{subsection.5.3.3}% 47
\BOOKMARK [3][-]{subsubsection.5.3.3.4}{\376\377\0005\000.\0003\000.\0003\000.\0004\000\040\000c\000h\000e\000c\000k\000U\000s\000e\000r\000\050\000\051}{subsection.5.3.3}% 48
\BOOKMARK [3][-]{subsubsection.5.3.3.5}{\376\377\0005\000.\0003\000.\0003\000.\0005\000\040\000c\000r\000e\000a\000t\000e\000O\000r\000d\000e\000r\000\050\000\051}{subsection.5.3.3}% 49
\BOOKMARK [3][-]{subsubsection.5.3.3.6}{\376\377\0005\000.\0003\000.\0003\000.\0006\000\040\000g\000e\000t\000F\000o\000o\000d\000P\000o\000p\000u\000l\000a\000r\000i\000t\000y\000\050\000\051}{subsection.5.3.3}% 50
\BOOKMARK [3][-]{subsubsection.5.3.3.7}{\376\377\0005\000.\0003\000.\0003\000.\0007\000\040\000g\000e\000t\000L\000o\000w\000S\000t\000o\000c\000k\000W\000a\000r\000n\000i\000n\000g\000\050\000\051}{subsection.5.3.3}% 51
\BOOKMARK [3][-]{subsubsection.5.3.3.8}{\376\377\0005\000.\0003\000.\0003\000.\0008\000\040\000g\000e\000t\000R\000e\000p\000o\000r\000t\000R\000e\000v\000e\000n\000u\000e\000\050\000\051}{subsection.5.3.3}% 52
\BOOKMARK [3][-]{subsubsection.5.3.3.9}{\376\377\0005\000.\0003\000.\0003\000.\0009\000\040\000g\000e\000t\000R\000e\000v\000e\000n\000u\000e\000B\000y\000D\000a\000y\000\050\000\051}{subsection.5.3.3}% 53
\BOOKMARK [3][-]{subsubsection.5.3.3.10}{\376\377\0005\000.\0003\000.\0003\000.\0001\0000\000\040\000p\000i\000n\000g\000S\000e\000r\000v\000e\000r\000\050\000\051}{subsection.5.3.3}% 54
\BOOKMARK [3][-]{subsubsection.5.3.3.11}{\376\377\0005\000.\0003\000.\0003\000.\0001\0001\000\040\000r\000e\000c\000o\000n\000n\000e\000c\000t\000\050\000\051}{subsection.5.3.3}% 55
\BOOKMARK [3][-]{subsubsection.5.3.3.12}{\376\377\0005\000.\0003\000.\0003\000.\0001\0002\000\040\000r\000e\000t\000u\000r\000n\000I\000n\000g\000r\000e\000d\000i\000e\000n\000t\000s\000\050\000\051}{subsection.5.3.3}% 56
\BOOKMARK [3][-]{subsubsection.5.3.3.13}{\376\377\0005\000.\0003\000.\0003\000.\0001\0003\000\040\000s\000a\000v\000e\000R\000e\000p\000o\000r\000t\000T\000o\000C\000S\000V\000\050\000\051}{subsection.5.3.3}% 57
\BOOKMARK [3][-]{subsubsection.5.3.3.14}{\376\377\0005\000.\0003\000.\0003\000.\0001\0004\000\040\000u\000p\000d\000a\000t\000e\000P\000r\000o\000d\000u\000c\000t\000Q\000u\000a\000n\000t\000i\000t\000y\000\050\000\051}{subsection.5.3.3}% 58
\BOOKMARK [1][-]{section.5.4}{\376\377\0005\000.\0004\000\040\000E\000x\000c\000e\000p\000t\000i\000o\000n\000s\000\040\000C\000l\000a\000s\000s\000\040\000R\000e\000f\000e\000r\000e\000n\000c\000e}{chapter.5}% 59
\BOOKMARK [2][-]{subsection.5.4.1}{\376\377\0005\000.\0004\000.\0001\000\040\000D\000e\000t\000a\000i\000l\000e\000d\000\040\000D\000e\000s\000c\000r\000i\000p\000t\000i\000o\000n}{section.5.4}% 60
\BOOKMARK [2][-]{subsection.5.4.2}{\376\377\0005\000.\0004\000.\0002\000\040\000C\000o\000n\000s\000t\000r\000u\000c\000t\000o\000r\000\040\000\046\000\040\000D\000e\000s\000t\000r\000u\000c\000t\000o\000r\000\040\000D\000o\000c\000u\000m\000e\000n\000t\000a\000t\000i\000o\000n}{section.5.4}% 61
\BOOKMARK [3][-]{subsubsection.5.4.2.1}{\376\377\0005\000.\0004\000.\0002\000.\0001\000\040\000E\000x\000c\000e\000p\000t\000i\000o\000n\000s\000\050\000\051}{subsection.5.4.2}% 62
\BOOKMARK [1][-]{section.5.5}{\376\377\0005\000.\0005\000\040\000F\000i\000l\000e\000E\000x\000\040\000C\000l\000a\000s\000s\000\040\000R\000e\000f\000e\000r\000e\000n\000c\000e}{chapter.5}% 63
\BOOKMARK [2][-]{subsection.5.5.1}{\376\377\0005\000.\0005\000.\0001\000\040\000D\000e\000t\000a\000i\000l\000e\000d\000\040\000D\000e\000s\000c\000r\000i\000p\000t\000i\000o\000n}{section.5.5}% 64
\BOOKMARK [1][-]{section.5.6}{\376\377\0005\000.\0006\000\040\000L\000o\000g\000s\000\040\000C\000l\000a\000s\000s\000\040\000R\000e\000f\000e\000r\000e\000n\000c\000e}{chapter.5}% 65
\BOOKMARK [2][-]{subsection.5.6.1}{\376\377\0005\000.\0006\000.\0001\000\040\000D\000e\000t\000a\000i\000l\000e\000d\000\040\000D\000e\000s\000c\000r\000i\000p\000t\000i\000o\000n}{section.5.6}% 66
\BOOKMARK [2][-]{subsection.5.6.2}{\376\377\0005\000.\0006\000.\0002\000\040\000M\000e\000m\000b\000e\000r\000\040\000F\000u\000n\000c\000t\000i\000o\000n\000\040\000D\000o\000c\000u\000m\000e\000n\000t\000a\000t\000i\000o\000n}{section.5.6}% 67
\BOOKMARK [3][-]{subsubsection.5.6.2.1}{\376\377\0005\000.\0006\000.\0002\000.\0001\000\040\000s\000e\000t\000L\000o\000g\000P\000a\000t\000h\000\050\000\051}{subsection.5.6.2}% 68
\BOOKMARK [1][-]{section.5.7}{\376\377\0005\000.\0007\000\040\000N\000e\000t\000w\000o\000r\000k\000E\000x\000\040\000C\000l\000a\000s\000s\000\040\000R\000e\000f\000e\000r\000e\000n\000c\000e}{chapter.5}% 69
\BOOKMARK [2][-]{subsection.5.7.1}{\376\377\0005\000.\0007\000.\0001\000\040\000D\000e\000t\000a\000i\000l\000e\000d\000\040\000D\000e\000s\000c\000r\000i\000p\000t\000i\000o\000n}{section.5.7}% 70
\BOOKMARK [1][-]{section.5.8}{\376\377\0005\000.\0008\000\040\000S\000e\000t\000t\000i\000n\000g\000s\000\040\000C\000l\000a\000s\000s\000\040\000R\000e\000f\000e\000r\000e\000n\000c\000e}{chapter.5}% 71
\BOOKMARK [2][-]{subsection.5.8.1}{\376\377\0005\000.\0008\000.\0001\000\040\000D\000e\000t\000a\000i\000l\000e\000d\000\040\000D\000e\000s\000c\000r\000i\000p\000t\000i\000o\000n}{section.5.8}% 72
\BOOKMARK [2][-]{subsection.5.8.2}{\376\377\0005\000.\0008\000.\0002\000\040\000C\000o\000n\000s\000t\000r\000u\000c\000t\000o\000r\000\040\000\046\000\040\000D\000e\000s\000t\000r\000u\000c\000t\000o\000r\000\040\000D\000o\000c\000u\000m\000e\000n\000t\000a\000t\000i\000o\000n}{section.5.8}% 73
\BOOKMARK [3][-]{subsubsection.5.8.2.1}{\376\377\0005\000.\0008\000.\0002\000.\0001\000\040\000S\000e\000t\000t\000i\000n\000g\000s\000\050\000\051}{subsection.5.8.2}% 74
\BOOKMARK [1][-]{section.5.9}{\376\377\0005\000.\0009\000\040\000T\000c\000p\000C\000l\000i\000e\000n\000t\000\040\000C\000l\000a\000s\000s\000\040\000R\000e\000f\000e\000r\000e\000n\000c\000e}{chapter.5}% 75
\BOOKMARK [2][-]{subsection.5.9.1}{\376\377\0005\000.\0009\000.\0001\000\040\000D\000e\000t\000a\000i\000l\000e\000d\000\040\000D\000e\000s\000c\000r\000i\000p\000t\000i\000o\000n}{section.5.9}% 76
\BOOKMARK [2][-]{subsection.5.9.2}{\376\377\0005\000.\0009\000.\0002\000\040\000C\000o\000n\000s\000t\000r\000u\000c\000t\000o\000r\000\040\000\046\000\040\000D\000e\000s\000t\000r\000u\000c\000t\000o\000r\000\040\000D\000o\000c\000u\000m\000e\000n\000t\000a\000t\000i\000o\000n}{section.5.9}% 77
\BOOKMARK [3][-]{subsubsection.5.9.2.1}{\376\377\0005\000.\0009\000.\0002\000.\0001\000\040\000T\000c\000p\000C\000l\000i\000e\000n\000t\000\050\000\051}{subsection.5.9.2}% 78
\BOOKMARK [2][-]{subsection.5.9.3}{\376\377\0005\000.\0009\000.\0003\000\040\000M\000e\000m\000b\000e\000r\000\040\000F\000u\000n\000c\000t\000i\000o\000n\000\040\000D\000o\000c\000u\000m\000e\000n\000t\000a\000t\000i\000o\000n}{section.5.9}% 79
\BOOKMARK [3][-]{subsubsection.5.9.3.1}{\376\377\0005\000.\0009\000.\0003\000.\0001\000\040\000a\000d\000d\000O\000r\000d\000e\000r\000I\000t\000e\000m\000\050\000\051}{subsection.5.9.3}% 80
\BOOKMARK [3][-]{subsubsection.5.9.3.2}{\376\377\0005\000.\0009\000.\0003\000.\0002\000\040\000a\000d\000d\000P\000r\000o\000d\000u\000c\000t\000Q\000u\000a\000n\000t\000i\000t\000y\000\050\000\051}{subsection.5.9.3}% 81
\BOOKMARK [3][-]{subsubsection.5.9.3.3}{\376\377\0005\000.\0009\000.\0003\000.\0003\000\040\000c\000h\000e\000c\000k\000A\000n\000d\000C\000o\000n\000s\000u\000m\000e\000\050\000\051}{subsection.5.9.3}% 82
\BOOKMARK [3][-]{subsubsection.5.9.3.4}{\376\377\0005\000.\0009\000.\0003\000.\0004\000\040\000c\000h\000e\000c\000k\000U\000s\000e\000r\000\050\000\051}{subsection.5.9.3}% 83
\BOOKMARK [3][-]{subsubsection.5.9.3.5}{\376\377\0005\000.\0009\000.\0003\000.\0005\000\040\000c\000o\000n\000n\000e\000c\000t\000T\000o\000S\000e\000r\000v\000e\000r\000\050\000\051}{subsection.5.9.3}% 84
\BOOKMARK [3][-]{subsubsection.5.9.3.6}{\376\377\0005\000.\0009\000.\0003\000.\0006\000\040\000c\000r\000e\000a\000t\000e\000O\000r\000d\000e\000r\000\050\000\051}{subsection.5.9.3}% 85
\BOOKMARK [3][-]{subsubsection.5.9.3.7}{\376\377\0005\000.\0009\000.\0003\000.\0007\000\040\000g\000e\000t\000F\000o\000o\000d\000P\000o\000p\000u\000l\000a\000r\000i\000t\000y\000\050\000\051}{subsection.5.9.3}% 86
\BOOKMARK [3][-]{subsubsection.5.9.3.8}{\376\377\0005\000.\0009\000.\0003\000.\0008\000\040\000g\000e\000t\000F\000o\000o\000d\000s\000\050\000\051}{subsection.5.9.3}% 87
\BOOKMARK [3][-]{subsubsection.5.9.3.9}{\376\377\0005\000.\0009\000.\0003\000.\0009\000\040\000g\000e\000t\000L\000o\000w\000S\000t\000o\000c\000k\000W\000a\000r\000n\000i\000n\000g\000\050\000\051}{subsection.5.9.3}% 88
\BOOKMARK [3][-]{subsubsection.5.9.3.10}{\376\377\0005\000.\0009\000.\0003\000.\0001\0000\000\040\000g\000e\000t\000P\000r\000o\000d\000u\000c\000t\000s\000\050\000\051}{subsection.5.9.3}% 89
\BOOKMARK [3][-]{subsubsection.5.9.3.11}{\376\377\0005\000.\0009\000.\0003\000.\0001\0001\000\040\000g\000e\000t\000R\000e\000p\000o\000r\000t\000R\000e\000v\000e\000n\000u\000e\000\050\000\051}{subsection.5.9.3}% 90
\BOOKMARK [3][-]{subsubsection.5.9.3.12}{\376\377\0005\000.\0009\000.\0003\000.\0001\0002\000\040\000g\000e\000t\000R\000e\000v\000e\000n\000u\000e\000B\000y\000D\000a\000y\000\050\000\051}{subsection.5.9.3}% 91
\BOOKMARK [3][-]{subsubsection.5.9.3.13}{\376\377\0005\000.\0009\000.\0003\000.\0001\0003\000\040\000g\000e\000t\000U\000s\000e\000r\000I\000d\000\050\000\051}{subsection.5.9.3}% 92
\BOOKMARK [3][-]{subsubsection.5.9.3.14}{\376\377\0005\000.\0009\000.\0003\000.\0001\0004\000\040\000g\000e\000t\000U\000s\000e\000r\000N\000a\000m\000e\000\050\000\051}{subsection.5.9.3}% 93
\BOOKMARK [3][-]{subsubsection.5.9.3.15}{\376\377\0005\000.\0009\000.\0003\000.\0001\0005\000\040\000g\000e\000t\000U\000s\000e\000r\000R\000o\000l\000e\000\050\000\051}{subsection.5.9.3}% 94
\BOOKMARK [3][-]{subsubsection.5.9.3.16}{\376\377\0005\000.\0009\000.\0003\000.\0001\0006\000\040\000i\000s\000C\000o\000n\000n\000e\000c\000t\000e\000d\000\050\000\051}{subsection.5.9.3}% 95
\BOOKMARK [3][-]{subsubsection.5.9.3.17}{\376\377\0005\000.\0009\000.\0003\000.\0001\0007\000\040\000p\000i\000n\000g\000S\000e\000r\000v\000e\000r\000\050\000\051}{subsection.5.9.3}% 96
\BOOKMARK [3][-]{subsubsection.5.9.3.18}{\376\377\0005\000.\0009\000.\0003\000.\0001\0008\000\040\000r\000e\000c\000o\000n\000n\000e\000c\000t\000\050\000\051}{subsection.5.9.3}% 97
\BOOKMARK [3][-]{subsubsection.5.9.3.19}{\376\377\0005\000.\0009\000.\0003\000.\0001\0009\000\040\000r\000e\000t\000u\000r\000n\000I\000n\000g\000r\000e\000d\000i\000e\000n\000t\000s\000\050\000\051}{subsection.5.9.3}% 98
\BOOKMARK [3][-]{subsubsection.5.9.3.20}{\376\377\0005\000.\0009\000.\0003\000.\0002\0000\000\040\000s\000a\000v\000e\000R\000e\000p\000o\000r\000t\000T\000o\000C\000S\000V\000\050\000\051}{subsection.5.9.3}% 99
\BOOKMARK [3][-]{subsubsection.5.9.3.21}{\376\377\0005\000.\0009\000.\0003\000.\0002\0001\000\040\000u\000p\000d\000a\000t\000e\000P\000r\000o\000d\000u\000c\000t\000Q\000u\000a\000n\000t\000i\000t\000y\000\050\000\051}{subsection.5.9.3}% 100
\BOOKMARK [1][-]{section.5.10}{\376\377\0005\000.\0001\0000\000\040\000T\000c\000p\000S\000e\000r\000v\000e\000r\000\040\000C\000l\000a\000s\000s\000\040\000R\000e\000f\000e\000r\000e\000n\000c\000e}{chapter.5}% 101
\BOOKMARK [2][-]{subsection.5.10.1}{\376\377\0005\000.\0001\0000\000.\0001\000\040\000D\000e\000t\000a\000i\000l\000e\000d\000\040\000D\000e\000s\000c\000r\000i\000p\000t\000i\000o\000n}{section.5.10}% 102
\BOOKMARK [2][-]{subsection.5.10.2}{\376\377\0005\000.\0001\0000\000.\0002\000\040\000C\000o\000n\000s\000t\000r\000u\000c\000t\000o\000r\000\040\000\046\000\040\000D\000e\000s\000t\000r\000u\000c\000t\000o\000r\000\040\000D\000o\000c\000u\000m\000e\000n\000t\000a\000t\000i\000o\000n}{section.5.10}% 103
\BOOKMARK [3][-]{subsubsection.5.10.2.1}{\376\377\0005\000.\0001\0000\000.\0002\000.\0001\000\040\000T\000c\000p\000S\000e\000r\000v\000e\000r\000\050\000\051}{subsection.5.10.2}% 104
\BOOKMARK [2][-]{subsection.5.10.3}{\376\377\0005\000.\0001\0000\000.\0003\000\040\000M\000e\000m\000b\000e\000r\000\040\000F\000u\000n\000c\000t\000i\000o\000n\000\040\000D\000o\000c\000u\000m\000e\000n\000t\000a\000t\000i\000o\000n}{section.5.10}% 105
\BOOKMARK [3][-]{subsubsection.5.10.3.1}{\376\377\0005\000.\0001\0000\000.\0003\000.\0001\000\040\000s\000t\000a\000r\000t\000\050\000\051}{subsection.5.10.3}% 106
\BOOKMARK [1][-]{section.5.11}{\376\377\0005\000.\0001\0001\000\040\000V\000a\000l\000i\000d\000a\000t\000e\000E\000x\000\040\000C\000l\000a\000s\000s\000\040\000R\000e\000f\000e\000r\000e\000n\000c\000e}{chapter.5}% 107
\BOOKMARK [2][-]{subsection.5.11.1}{\376\377\0005\000.\0001\0001\000.\0001\000\040\000D\000e\000t\000a\000i\000l\000e\000d\000\040\000D\000e\000s\000c\000r\000i\000p\000t\000i\000o\000n}{section.5.11}% 108
\BOOKMARK [0][-]{chapter.6}{\376\377\0006\000\040\000F\000i\000l\000e\000\040\000D\000o\000c\000u\000m\000e\000n\000t\000a\000t\000i\000o\000n}{}% 109
\BOOKMARK [1][-]{section.6.1}{\376\377\0006\000.\0001\000\040\000d\000b\000w\000o\000r\000k\000e\000r\000.\000h}{chapter.6}% 110
\BOOKMARK [1][-]{section.6.2}{\376\377\0006\000.\0002\000\040\000e\000x\000c\000e\000p\000t\000i\000o\000n\000s\000.\000h}{chapter.6}% 111
\BOOKMARK [1][-]{section.6.3}{\376\377\0006\000.\0003\000\040\000l\000o\000g\000s\000.\000h}{chapter.6}% 112
\BOOKMARK [1][-]{section.6.4}{\376\377\0006\000.\0004\000\040\000s\000e\000t\000t\000i\000n\000g\000s\000.\000h}{chapter.6}% 113
\BOOKMARK [1][-]{section.6.5}{\376\377\0006\000.\0005\000\040\000t\000c\000p\000c\000l\000i\000e\000n\000t\000.\000h}{chapter.6}% 114
\BOOKMARK [1][-]{section.6.6}{\376\377\0006\000.\0006\000\040\000t\000c\000p\000s\000e\000r\000v\000e\000r\000.\000h}{chapter.6}% 115
